+--------+----+-----+
|0       |Left|Right|
+--------+----+-----+
|Chickens|0   |    3|
+--------+----+-----+
|Wolves  |0   |    3|
+--------+----+-----+
|Boats   |0   |    1|
+--------+----+-----+

+--------+----+-----+
|1       |Left|Right|
+--------+----+-----+
|Chickens|0   |    3|
+--------+----+-----+
|Wolves  |2   |    1|
+--------+----+-----+
|Boats   |1   |    0|
+--------+----+-----+

+--------+----+-----+
|2       |Left|Right|
+--------+----+-----+
|Chickens|0   |    3|
+--------+----+-----+
|Wolves  |1   |    2|
+--------+----+-----+
|Boats   |0   |    1|
+--------+----+-----+

+--------+----+-----+
|3       |Left|Right|
+--------+----+-----+
|Chickens|0   |    3|
+--------+----+-----+
|Wolves  |3   |    0|
+--------+----+-----+
|Boats   |1   |    0|
+--------+----+-----+

+--------+----+-----+
|4       |Left|Right|
+--------+----+-----+
|Chickens|0   |    3|
+--------+----+-----+
|Wolves  |2   |    1|
+--------+----+-----+
|Boats   |0   |    1|
+--------+----+-----+

+--------+----+-----+
|5       |Left|Right|
+--------+----+-----+
|Chickens|2   |    1|
+--------+----+-----+
|Wolves  |2   |    1|
+--------+----+-----+
|Boats   |1   |    0|
+--------+----+-----+

+--------+----+-----+
|6       |Left|Right|
+--------+----+-----+
|Chickens|1   |    2|
+--------+----+-----+
|Wolves  |1   |    2|
+--------+----+-----+
|Boats   |0   |    1|
+--------+----+-----+

+--------+----+-----+
|7       |Left|Right|
+--------+----+-----+
|Chickens|3   |    0|
+--------+----+-----+
|Wolves  |1   |    2|
+--------+----+-----+
|Boats   |1   |    0|
+--------+----+-----+

+--------+----+-----+
|8       |Left|Right|
+--------+----+-----+
|Chickens|3   |    0|
+--------+----+-----+
|Wolves  |0   |    3|
+--------+----+-----+
|Boats   |0   |    1|
+--------+----+-----+

+--------+----+-----+
|9       |Left|Right|
+--------+----+-----+
|Chickens|3   |    0|
+--------+----+-----+
|Wolves  |2   |    1|
+--------+----+-----+
|Boats   |1   |    0|
+--------+----+-----+

+--------+----+-----+
|10      |Left|Right|
+--------+----+-----+
|Chickens|3   |    0|
+--------+----+-----+
|Wolves  |1   |    2|
+--------+----+-----+
|Boats   |0   |    1|
+--------+----+-----+

+--------+----+-----+
|11      |Left|Right|
+--------+----+-----+
|Chickens|3   |    0|
+--------+----+-----+
|Wolves  |3   |    0|
+--------+----+-----+
|Boats   |1   |    0|
+--------+----+-----+

+--------+----+-----+
|0       |Left|Right|
+--------+----+-----+
|Chickens|0   |    3|
+--------+----+-----+
|Wolves  |0   |    3|
+--------+----+-----+
|Boats   |0   |    1|
+--------+----+-----+

+--------+----+-----+
|1       |Left|Right|
+--------+----+-----+
|Chickens|0   |    3|
+--------+----+-----+
|Wolves  |2   |    1|
+--------+----+-----+
|Boats   |1   |    0|
+--------+----+-----+

+--------+----+-----+
|2       |Left|Right|
+--------+----+-----+
|Chickens|0   |    3|
+--------+----+-----+
|Wolves  |1   |    2|
+--------+----+-----+
|Boats   |0   |    1|
+--------+----+-----+

+--------+----+-----+
|3       |Left|Right|
+--------+----+-----+
|Chickens|0   |    3|
+--------+----+-----+
|Wolves  |3   |    0|
+--------+----+-----+
|Boats   |1   |    0|
+--------+----+-----+

+--------+----+-----+
|4       |Left|Right|
+--------+----+-----+
|Chickens|0   |    3|
+--------+----+-----+
|Wolves  |2   |    1|
+--------+----+-----+
|Boats   |0   |    1|
+--------+----+-----+

+--------+----+-----+
|5       |Left|Right|
+--------+----+-----+
|Chickens|2   |    1|
+--------+----+-----+
|Wolves  |2   |    1|
+--------+----+-----+
|Boats   |1   |    0|
+--------+----+-----+

+--------+----+-----+
|6       |Left|Right|
+--------+----+-----+
|Chickens|1   |    2|
+--------+----+-----+
|Wolves  |1   |    2|
+--------+----+-----+
|Boats   |0   |    1|
+--------+----+-----+

+--------+----+-----+
|7       |Left|Right|
+--------+----+-----+
|Chickens|3   |    0|
+--------+----+-----+
|Wolves  |1   |    2|
+--------+----+-----+
|Boats   |1   |    0|
+--------+----+-----+

+--------+----+-----+
|8       |Left|Right|
+--------+----+-----+
|Chickens|3   |    0|
+--------+----+-----+
|Wolves  |0   |    3|
+--------+----+-----+
|Boats   |0   |    1|
+--------+----+-----+

+--------+----+-----+
|9       |Left|Right|
+--------+----+-----+
|Chickens|3   |    0|
+--------+----+-----+
|Wolves  |2   |    1|
+--------+----+-----+
|Boats   |1   |    0|
+--------+----+-----+

+--------+----+-----+
|10      |Left|Right|
+--------+----+-----+
|Chickens|3   |    0|
+--------+----+-----+
|Wolves  |1   |    2|
+--------+----+-----+
|Boats   |0   |    1|
+--------+----+-----+

+--------+----+-----+
|11      |Left|Right|
+--------+----+-----+
|Chickens|3   |    0|
+--------+----+-----+
|Wolves  |3   |    0|
+--------+----+-----+
|Boats   |1   |    0|
+--------+----+-----+

